[2020-12-01 10:30:58] local.ALERT: message {"_token":"SYvtLx0t13ZJGg2vy08umLVv2TjMAgF6QuivKVSP","s_address":"","s_latitude":"","s_longitude":"","d_latitude":"","d_longitude":"","current_longitude":"","current_latitude":"","service_type":"2","payment_mode":"CASH"} 
[2020-12-01 10:31:08] local.ALERT: message {"_token":"SYvtLx0t13ZJGg2vy08umLVv2TjMAgF6QuivKVSP","s_address":"Pune, Maharashtra, India","s_latitude":"18.5204303","s_longitude":"73.8567437","d_latitude":"","d_longitude":"","current_longitude":"","current_latitude":"","service_type":"2","payment_mode":"CASH"} 
[2020-12-01 11:10:34] local.ERROR: syntax error, unexpected 'new' (T_NEW), expecting ',' or ')' (View: V:\xampp\htdocs\UC\wckfkqrxdt\public_html\resources\views\index.blade.php) {"exception":"[object] (ErrorException(code: 0): syntax error, unexpected 'new' (T_NEW), expecting ',' or ')' (View: V:\\xampp\\htdocs\\UC\\wckfkqrxdt\\public_html\esources\\views\\index.blade.php) at V:\\xampp\\htdocs\\UC\\wckfkqrxdt\\public_html\\storage\\framework\\views\\00f33ecfff0f126ce5605af80c02c95d7715d67a.php:207, Symfony\\Component\\Debug\\Exception\\FatalThrowableError(code: 0): syntax error, unexpected 'new' (T_NEW), expecting ',' or ')' at V:\\xampp\\htdocs\\UC\\wckfkqrxdt\\public_html\\storage\\framework\\views\\00f33ecfff0f126ce5605af80c02c95d7715d67a.php:207)
[stacktrace]
#0 V:\\xampp\\htdocs\\UC\\wckfkqrxdt\\public_html\\vendor\\livewire\\livewire\\src\\CompilerEngine.php(71): Illuminate\\View\\Engines\\CompilerEngine->handleViewException(Object(Symfony\\Component\\Debug\\Exception\\FatalThrowableError), 1)
#1 V:\\xampp\\htdocs\\UC\\wckfkqrxdt\\public_html\\vendor\\laravel\\framework\\src\\Illuminate\\View\\Engines\\PhpEngine.php(47): Livewire\\CompilerEngine->handleViewException(Object(Symfony\\Component\\Debug\\Exception\\FatalThrowableError), 1)
#2 V:\\xampp\\htdocs\\UC\\wckfkqrxdt\\public_html\\vendor\\livewire\\livewire\\src\\LivewireViewCompilerEngine.php(36): Illuminate\\View\\Engines\\PhpEngine->evaluatePath('V:\\\\xampp\\\\htdocs...', Array)
#3 V:\\xampp\\htdocs\\UC\\wckfkqrxdt\\public_html\\vendor\\laravel\\framework\\src\\Illuminate\\View\\Engines\\CompilerEngine.php(59): Livewire\\LivewireViewCompilerEngine->evaluatePath('V:\\\\xampp\\\\htdocs...', Array)
#4 V:\\xampp\\htdocs\\UC\\wckfkqrxdt\\public_html\\vendor\\laravel\\framework\\src\\Illuminate\\View\\View.php(142): Illuminate\\View\\Engines\\CompilerEngine->get('V:\\\\xampp\\\\htdocs...', Array)
#5 V:\\xampp\\htdocs\\UC\\wckfkqrxdt\\public_html\\vendor\\laravel\\framework\\src\\Illuminate\\View\\View.php(125): Illuminate\\View\\View->getContents()
#6 V:\\xampp\\htdocs\\UC\\wckfkqrxdt\\public_html\\vendor\\laravel\\framework\\src\\Illuminate\\View\\View.php(90): Illuminate\\View\\View->renderContents()
#7 V:\\xampp\\htdocs\\UC\\wckfkqrxdt\\public_html\\vendor\\laravel\\framework\\src\\Illuminate\\Http\\Response.php(42): Illuminate\\View\\View->render()
#8 V:\\xampp\\htdocs\\UC\\wckfkqrxdt\\public_html\\vendor\\symfony\\http-foundation\\Response.php(205): Illuminate\\Http\\Response->setContent(Object(Illuminate\\View\\View))
#9 V:\\xampp\\htdocs\\UC\\wckfkqrxdt\\public_html\\vendor\\laravel\\framework\\src\\Illuminate\\Routing\\Router.php(750): Symfony\\Component\\HttpFoundation\\Response->__construct(Object(Illuminate\\View\\View))
#10 V:\\xampp\\htdocs\\UC\\wckfkqrxdt\\public_html\\vendor\\laravel\\framework\\src\\Illuminate\\Routing\\Router.php(722): Illuminate\\Routing\\Router::toResponse(Object(Illuminate\\Http\\Request), Object(Illuminate\\View\\View))
#11 V:\\xampp\\htdocs\\UC\\wckfkqrxdt\\public_html\\vendor\\laravel\\framework\\src\\Illuminate\\Routing\\Router.php(682): Illuminate\\Routing\\Router->prepareResponse(Object(Illuminate\\Http\\Request), Object(Illuminate\\View\\View))
#12 V:\\xampp\\htdocs\\UC\\wckfkqrxdt\\public_html\\vendor\\laravel\\framework\\src\\Illuminate\\Routing\\Pipeline.php(30): Illuminate\\Routing\\Router->Illuminate\\Routing\\{closure}(Object(Illuminate\\Http\\Request))
#13 V:\\xampp\\htdocs\\UC\\wckfkqrxdt\\public_html\\app\\Http\\Middleware\\LanguageMiddleware.php(29): Illuminate\\Routing\\Pipeline->Illuminate\\Routing\\{closure}(Object(Illuminate\\Http\\Request))
#14 V:\\xampp\\htdocs\\UC\\wckfkqrxdt\\public_html\\vendor\\laravel\\framework\\src\\Illuminate\\Pipeline\\Pipeline.php(163): App\\Http\\Middleware\\LanguageMiddleware->handle(Object(Illuminate\\Http\\Request), Object(Closure))
#15 V:\\xampp\\htdocs\\UC\\wckfkqrxdt\\public_html\\vendor\\laravel\\framework\\src\\Illuminate\\Routing\\Pipeline.php(53): Illuminate\\Pipeline\\Pipeline->Illuminate\\Pipeline\\{closure}(Object(Illuminate\\Http\\Request))
#16 V:\\xampp\\htdocs\\UC\\wckfkqrxdt\\public_html\\vendor\\laravel\\framework\\src\\Illuminate\\Routing\\Middleware\\SubstituteBindings.php(41): Illuminate\\Routing\\Pipeline->Illuminate\\Routing\\{closure}(Object(Illuminate\\Http\\Request))
#17 V:\\xampp\\htdocs\\UC\\wckfkqrxdt\\public_html\\vendor\\laravel\\framework\\src\\Illuminate\\Pipeline\\Pipeline.php(163): Illuminate\\Routing\\Middleware\\SubstituteBindings->handle(Object(Illuminate\\Http\\Request), Object(Closure))
#18 V:\\xampp\\htdocs\\UC\\wckfkqrxdt\\public_html\\vendor\\laravel\\framework\\src\\Illuminate\\Routing\\Pipeline.php(53): Illuminate\\Pipeline\\Pipeline->Illuminate\\Pipeline\\{closure}(Object(Illuminate\\Http\\Request))
#19 V:\\xampp\\htdocs\\UC\\wckfkqrxdt\\public_html\\vendor\\laravel\\framework\\src\\Illuminate\\Foundation\\Http\\Middleware\\VerifyCsrfToken.php(75): Illuminate\\Routing\\Pipeline->Illuminate\\Routing\\{closure}(Object(Illuminate\\Http\\Request))
#20 V:\\xampp\\htdocs\\UC\\wckfkqrxdt\\public_html\\vendor\\laravel\\framework\\src\\Illuminate\\Pipeline\\Pipeline.php(163): Illuminate\\Foundation\\Http\\Middleware\\VerifyCsrfToken->handle(Object(Illuminate\\Http\\Request), Object(Closure))
#21 V:\\xampp\\htdocs\\UC\\wckfkqrxdt\\public_html\\vendor\\laravel\\framework\\src\\Illuminate\\Routing\\Pipeline.php(53): Illuminate\\Pipeline\\Pipeline->Illuminate\\Pipeline\\{closure}(Object(Illuminate\\Http\\Request))
#22 V:\\xampp\\htdocs\\UC\\wckfkqrxdt\\public_html\\vendor\\laravel\\framework\\src\\Illuminate\\View\\Middleware\\ShareErrorsFromSession.php(49): Illuminate\\Routing\\Pipeline->Illuminate\\Routing\\{closure}(Object(Illuminate\\Http\\Request))
#23 V:\\xampp\\htdocs\\UC\\wckfkqrxdt\\public_html\\vendor\\laravel\\framework\\src\\Illuminate\\Pipeline\\Pipeline.php(163): Illuminate\\View\\Middleware\\ShareErrorsFromSession->handle(Object(Illuminate\\Http\\Request), Object(Closure))
#24 V:\\xampp\\htdocs\\UC\\wckfkqrxdt\\public_html\\vendor\\laravel\\framework\\src\\Illuminate\\Routing\\Pipeline.php(53): Illuminate\\Pipeline\\Pipeline->Illuminate\\Pipeline\\{closure}(Object(Illuminate\\Http\\Request))
#25 V:\\xampp\\htdocs\\UC\\wckfkqrxdt\\public_html\\vendor\\laravel\\framework\\src\\Illuminate\\Session\\Middleware\\StartSession.php(63): Illuminate\\Routing\\Pipeline->Illuminate\\Routing\\{closure}(Object(Illuminate\\Http\\Request))
#26 V:\\xampp\\htdocs\\UC\\wckfkqrxdt\\public_html\\vendor\\laravel\\framework\\src\\Illuminate\\Pipeline\\Pipeline.php(163): Illuminate\\Session\\Middleware\\StartSession->handle(Object(Illuminate\\Http\\Request), Object(Closure))
#27 V:\\xampp\\htdocs\\UC\\wckfkqrxdt\\public_html\\vendor\\laravel\\framework\\src\\Illuminate\\Routing\\Pipeline.php(53): Illuminate\\Pipeline\\Pipeline->Illuminate\\Pipeline\\{closure}(Object(Illuminate\\Http\\Request))
#28 V:\\xampp\\htdocs\\UC\\wckfkqrxdt\\public_html\\vendor\\laravel\\framework\\src\\Illuminate\\Cookie\\Middleware\\AddQueuedCookiesToResponse.php(37): Illuminate\\Routing\\Pipeline->Illuminate\\Routing\\{closure}(Object(Illuminate\\Http\\Request))
#29 V:\\xampp\\htdocs\\UC\\wckfkqrxdt\\public_html\\vendor\\laravel\\framework\\src\\Illuminate\\Pipeline\\Pipeline.php(163): Illuminate\\Cookie\\Middleware\\AddQueuedCookiesToResponse->handle(Object(Illuminate\\Http\\Request), Object(Closure))
#30 V:\\xampp\\htdocs\\UC\\wckfkqrxdt\\public_html\\vendor\\laravel\\framework\\src\\Illuminate\\Routing\\Pipeline.php(53): Illuminate\\Pipeline\\Pipeline->Illuminate\\Pipeline\\{closure}(Object(Illuminate\\Http\\Request))
#31 V:\\xampp\\htdocs\\UC\\wckfkqrxdt\\public_html\\vendor\\laravel\\framework\\src\\Illuminate\\Cookie\\Middleware\\EncryptCookies.php(66): Illuminate\\Routing\\Pipeline->Illuminate\\Routing\\{closure}(Object(Illuminate\\Http\\Request))
#32 V:\\xampp\\htdocs\\UC\\wckfkqrxdt\\public_html\\vendor\\laravel\\framework\\src\\Illuminate\\Pipeline\\Pipeline.php(163): Illuminate\\Cookie\\Middleware\\EncryptCookies->handle(Object(Illuminate\\Http\\Request), Object(Closure))
#33 V:\\xampp\\htdocs\\UC\\wckfkqrxdt\\public_html\\vendor\\laravel\\framework\\src\\Illuminate\\Routing\\Pipeline.php(53): Illuminate\\Pipeline\\Pipeline->Illuminate\\Pipeline\\{closure}(Object(Illuminate\\Http\\Request))
#34 V:\\xampp\\htdocs\\UC\\wckfkqrxdt\\public_html\\vendor\\laravel\\framework\\src\\Illuminate\\Pipeline\\Pipeline.php(104): Illuminate\\Routing\\Pipeline->Illuminate\\Routing\\{closure}(Object(Illuminate\\Http\\Request))
#35 V:\\xampp\\htdocs\\UC\\wckfkqrxdt\\public_html\\vendor\\laravel\\framework\\src\\Illuminate\\Routing\\Router.php(684): Illuminate\\Pipeline\\Pipeline->then(Object(Closure))
#36 V:\\xampp\\htdocs\\UC\\wckfkqrxdt\\public_html\\vendor\\laravel\\framework\\src\\Illuminate\\Routing\\Router.php(659): Illuminate\\Routing\\Router->runRouteWithinStack(Object(Illuminate\\Routing\\Route), Object(Illuminate\\Http\\Request))
#37 V:\\xampp\\htdocs\\UC\\wckfkqrxdt\\public_html\\vendor\\laravel\\framework\\src\\Illuminate\\Routing\\Router.php(625): Illuminate\\Routing\\Router->runRoute(Object(Illuminate\\Http\\Request), Object(Illuminate\\Routing\\Route))
#38 V:\\xampp\\htdocs\\UC\\wckfkqrxdt\\public_html\\vendor\\laravel\\framework\\src\\Illuminate\\Routing\\Router.php(614): Illuminate\\Routing\\Router->dispatchToRoute(Object(Illuminate\\Http\\Request))
#39 V:\\xampp\\htdocs\\UC\\wckfkqrxdt\\public_html\\vendor\\laravel\\framework\\src\\Illuminate\\Foundation\\Http\\Kernel.php(176): Illuminate\\Routing\\Router->dispatch(Object(Illuminate\\Http\\Request))
#40 V:\\xampp\\htdocs\\UC\\wckfkqrxdt\\public_html\\vendor\\laravel\\framework\\src\\Illuminate\\Routing\\Pipeline.php(30): Illuminate\\Foundation\\Http\\Kernel->Illuminate\\Foundation\\Http\\{closure}(Object(Illuminate\\Http\\Request))
#41 V:\\xampp\\htdocs\\UC\\wckfkqrxdt\\public_html\\vendor\\barryvdh\\laravel-debugbar\\src\\Middleware\\InjectDebugbar.php(65): Illuminate\\Routing\\Pipeline->Illuminate\\Routing\\{closure}(Object(Illuminate\\Http\\Request))
#42 V:\\xampp\\htdocs\\UC\\wckfkqrxdt\\public_html\\vendor\\laravel\\framework\\src\\Illuminate\\Pipeline\\Pipeline.php(163): Barryvdh\\Debugbar\\Middleware\\InjectDebugbar->handle(Object(Illuminate\\Http\\Request), Object(Closure))
#43 V:\\xampp\\htdocs\\UC\\wckfkqrxdt\\public_html\\vendor\\laravel\\framework\\src\\Illuminate\\Routing\\Pipeline.php(53): Illuminate\\Pipeline\\Pipeline->Illuminate\\Pipeline\\{closure}(Object(Illuminate\\Http\\Request))
#44 V:\\xampp\\htdocs\\UC\\wckfkqrxdt\\public_html\\vendor\\laravel\\framework\\src\\Illuminate\\Foundation\\Http\\Middleware\\CheckForMaintenanceMode.php(62): Illuminate\\Routing\\Pipeline->Illuminate\\Routing\\{closure}(Object(Illuminate\\Http\\Request))
#45 V:\\xampp\\htdocs\\UC\\wckfkqrxdt\\public_html\\vendor\\laravel\\framework\\src\\Illuminate\\Pipeline\\Pipeline.php(163): Illuminate\\Foundation\\Http\\Middleware\\CheckForMaintenanceMode->handle(Object(Illuminate\\Http\\Request), Object(Closure))
#46 V:\\xampp\\htdocs\\UC\\wckfkqrxdt\\public_html\\vendor\\laravel\\framework\\src\\Illuminate\\Routing\\Pipeline.php(53): Illuminate\\Pipeline\\Pipeline->Illuminate\\Pipeline\\{closure}(Object(Illuminate\\Http\\Request))
#47 V:\\xampp\\htdocs\\UC\\wckfkqrxdt\\public_html\\vendor\\laravel\\framework\\src\\Illuminate\\Pipeline\\Pipeline.php(104): Illuminate\\Routing\\Pipeline->Illuminate\\Routing\\{closure}(Object(Illuminate\\Http\\Request))
#48 V:\\xampp\\htdocs\\UC\\wckfkqrxdt\\public_html\\vendor\\laravel\\framework\\src\\Illuminate\\Foundation\\Http\\Kernel.php(151): Illuminate\\Pipeline\\Pipeline->then(Object(Closure))
#49 V:\\xampp\\htdocs\\UC\\wckfkqrxdt\\public_html\\vendor\\laravel\\framework\\src\\Illuminate\\Foundation\\Http\\Kernel.php(116): Illuminate\\Foundation\\Http\\Kernel->sendRequestThroughRouter(Object(Illuminate\\Http\\Request))
#50 V:\\xampp\\htdocs\\UC\\wckfkqrxdt\\public_html\\public\\index.php(55): Illuminate\\Foundation\\Http\\Kernel->handle(Object(Illuminate\\Http\\Request))
#51 V:\\xampp\\htdocs\\UC\\wckfkqrxdt\\public_html\\server.php(21): require_once('V:\\\\xampp\\\\htdocs...')
#52 {main}
"} 
[2020-12-01 11:13:29] local.ERROR: syntax error, unexpected 'new' (T_NEW), expecting ',' or ')' (View: V:\xampp\htdocs\UC\wckfkqrxdt\public_html\resources\views\user\layout\app.blade.php) (View: V:\xampp\htdocs\UC\wckfkqrxdt\public_html\resources\views\user\layout\app.blade.php) {"exception":"[object] (ErrorException(code: 0): syntax error, unexpected 'new' (T_NEW), expecting ',' or ')' (View: V:\\xampp\\htdocs\\UC\\wckfkqrxdt\\public_html\esources\\views\\user\\layout\\app.blade.php) (View: V:\\xampp\\htdocs\\UC\\wckfkqrxdt\\public_html\esources\\views\\user\\layout\\app.blade.php) at V:\\xampp\\htdocs\\UC\\wckfkqrxdt\\public_html\\storage\\framework\\views\\89d3ffa0502623508d637a4b8f714a12b6cfc7c1.php:155, ErrorException(code: 0): syntax error, unexpected 'new' (T_NEW), expecting ',' or ')' (View: V:\\xampp\\htdocs\\UC\\wckfkqrxdt\\public_html\esources\\views\\user\\layout\\app.blade.php) at V:\\xampp\\htdocs\\UC\\wckfkqrxdt\\public_html\\storage\\framework\\views\\89d3ffa0502623508d637a4b8f714a12b6cfc7c1.php:155, Symfony\\Component\\Debug\\Exception\\FatalThrowableError(code: 0): syntax error, unexpected 'new' (T_NEW), expecting ',' or ')' at V:\\xampp\\htdocs\\UC\\wckfkqrxdt\\public_html\\storage\\framework\\views\\89d3ffa0502623508d637a4b8f714a12b6cfc7c1.php:155)
[stacktrace]
#0 V:\\xampp\\htdocs\\UC\\wckfkqrxdt\\public_html\\vendor\\livewire\\livewire\\src\\CompilerEngine.php(71): Illuminate\\View\\Engines\\CompilerEngine->handleViewException(Object(ErrorException), 1)
#1 V:\\xampp\\htdocs\\UC\\wckfkqrxdt\\public_html\\vendor\\laravel\\framework\\src\\Illuminate\\View\\Engines\\PhpEngine.php(45): Livewire\\CompilerEngine->handleViewException(Object(ErrorException), 1)
#2 V:\\xampp\\htdocs\\UC\\wckfkqrxdt\\public_html\\vendor\\livewire\\livewire\\src\\LivewireViewCompilerEngine.php(36): Illuminate\\View\\Engines\\PhpEngine->evaluatePath('V:\\\\xampp\\\\htdocs...', Array)
#3 V:\\xampp\\htdocs\\UC\\wckfkqrxdt\\public_html\\vendor\\laravel\\framework\\src\\Illuminate\\View\\Engines\\CompilerEngine.php(59): Livewire\\LivewireViewCompilerEngine->evaluatePath('V:\\\\xampp\\\\htdocs...', Array)
#4 V:\\xampp\\htdocs\\UC\\wckfkqrxdt\\public_html\\vendor\\laravel\\framework\\src\\Illuminate\\View\\View.php(142): Illuminate\\View\\Engines\\CompilerEngine->get('V:\\\\xampp\\\\htdocs...', Array)
#5 V:\\xampp\\htdocs\\UC\\wckfkqrxdt\\public_html\\vendor\\laravel\\framework\\src\\Illuminate\\View\\View.php(125): Illuminate\\View\\View->getContents()
#6 V:\\xampp\\htdocs\\UC\\wckfkqrxdt\\public_html\\vendor\\laravel\\framework\\src\\Illuminate\\View\\View.php(90): Illuminate\\View\\View->renderContents()
#7 V:\\xampp\\htdocs\\UC\\wckfkqrxdt\\public_html\\vendor\\laravel\\framework\\src\\Illuminate\\Http\\Response.php(42): Illuminate\\View\\View->render()
#8 V:\\xampp\\htdocs\\UC\\wckfkqrxdt\\public_html\\vendor\\symfony\\http-foundation\\Response.php(205): Illuminate\\Http\\Response->setContent(Object(Illuminate\\View\\View))
#9 V:\\xampp\\htdocs\\UC\\wckfkqrxdt\\public_html\\vendor\\laravel\\framework\\src\\Illuminate\\Routing\\Router.php(750): Symfony\\Component\\HttpFoundation\\Response->__construct(Object(Illuminate\\View\\View))
#10 V:\\xampp\\htdocs\\UC\\wckfkqrxdt\\public_html\\vendor\\laravel\\framework\\src\\Illuminate\\Routing\\Router.php(722): Illuminate\\Routing\\Router::toResponse(Object(Illuminate\\Http\\Request), Object(Illuminate\\View\\View))
#11 V:\\xampp\\htdocs\\UC\\wckfkqrxdt\\public_html\\vendor\\laravel\\framework\\src\\Illuminate\\Routing\\Router.php(682): Illuminate\\Routing\\Router->prepareResponse(Object(Illuminate\\Http\\Request), Object(Illuminate\\View\\View))
#12 V:\\xampp\\htdocs\\UC\\wckfkqrxdt\\public_html\\vendor\\laravel\\framework\\src\\Illuminate\\Routing\\Pipeline.php(30): Illuminate\\Routing\\Router->Illuminate\\Routing\\{closure}(Object(Illuminate\\Http\\Request))
#13 V:\\xampp\\htdocs\\UC\\wckfkqrxdt\\public_html\\app\\Http\\Middleware\\LanguageMiddleware.php(29): Illuminate\\Routing\\Pipeline->Illuminate\\Routing\\{closure}(Object(Illuminate\\Http\\Request))
#14 V:\\xampp\\htdocs\\UC\\wckfkqrxdt\\public_html\\vendor\\laravel\\framework\\src\\Illuminate\\Pipeline\\Pipeline.php(163): App\\Http\\Middleware\\LanguageMiddleware->handle(Object(Illuminate\\Http\\Request), Object(Closure))
#15 V:\\xampp\\htdocs\\UC\\wckfkqrxdt\\public_html\\vendor\\laravel\\framework\\src\\Illuminate\\Routing\\Pipeline.php(53): Illuminate\\Pipeline\\Pipeline->Illuminate\\Pipeline\\{closure}(Object(Illuminate\\Http\\Request))
#16 V:\\xampp\\htdocs\\UC\\wckfkqrxdt\\public_html\\vendor\\laravel\\framework\\src\\Illuminate\\Routing\\Middleware\\SubstituteBindings.php(41): Illuminate\\Routing\\Pipeline->Illuminate\\Routing\\{closure}(Object(Illuminate\\Http\\Request))
#17 V:\\xampp\\htdocs\\UC\\wckfkqrxdt\\public_html\\vendor\\laravel\\framework\\src\\Illuminate\\Pipeline\\Pipeline.php(163): Illuminate\\Routing\\Middleware\\SubstituteBindings->handle(Object(Illuminate\\Http\\Request), Object(Closure))
#18 V:\\xampp\\htdocs\\UC\\wckfkqrxdt\\public_html\\vendor\\laravel\\framework\\src\\Illuminate\\Routing\\Pipeline.php(53): Illuminate\\Pipeline\\Pipeline->Illuminate\\Pipeline\\{closure}(Object(Illuminate\\Http\\Request))
#19 V:\\xampp\\htdocs\\UC\\wckfkqrxdt\\public_html\\vendor\\laravel\\framework\\src\\Illuminate\\Foundation\\Http\\Middleware\\VerifyCsrfToken.php(75): Illuminate\\Routing\\Pipeline->Illuminate\\Routing\\{closure}(Object(Illuminate\\Http\\Request))
#20 V:\\xampp\\htdocs\\UC\\wckfkqrxdt\\public_html\\vendor\\laravel\\framework\\src\\Illuminate\\Pipeline\\Pipeline.php(163): Illuminate\\Foundation\\Http\\Middleware\\VerifyCsrfToken->handle(Object(Illuminate\\Http\\Request), Object(Closure))
#21 V:\\xampp\\htdocs\\UC\\wckfkqrxdt\\public_html\\vendor\\laravel\\framework\\src\\Illuminate\\Routing\\Pipeline.php(53): Illuminate\\Pipeline\\Pipeline->Illuminate\\Pipeline\\{closure}(Object(Illuminate\\Http\\Request))
#22 V:\\xampp\\htdocs\\UC\\wckfkqrxdt\\public_html\\vendor\\laravel\\framework\\src\\Illuminate\\View\\Middleware\\ShareErrorsFromSession.php(49): Illuminate\\Routing\\Pipeline->Illuminate\\Routing\\{closure}(Object(Illuminate\\Http\\Request))
#23 V:\\xampp\\htdocs\\UC\\wckfkqrxdt\\public_html\\vendor\\laravel\\framework\\src\\Illuminate\\Pipeline\\Pipeline.php(163): Illuminate\\View\\Middleware\\ShareErrorsFromSession->handle(Object(Illuminate\\Http\\Request), Object(Closure))
#24 V:\\xampp\\htdocs\\UC\\wckfkqrxdt\\public_html\\vendor\\laravel\\framework\\src\\Illuminate\\Routing\\Pipeline.php(53): Illuminate\\Pipeline\\Pipeline->Illuminate\\Pipeline\\{closure}(Object(Illuminate\\Http\\Request))
#25 V:\\xampp\\htdocs\\UC\\wckfkqrxdt\\public_html\\vendor\\laravel\\framework\\src\\Illuminate\\Session\\Middleware\\StartSession.php(63): Illuminate\\Routing\\Pipeline->Illuminate\\Routing\\{closure}(Object(Illuminate\\Http\\Request))
#26 V:\\xampp\\htdocs\\UC\\wckfkqrxdt\\public_html\\vendor\\laravel\\framework\\src\\Illuminate\\Pipeline\\Pipeline.php(163): Illuminate\\Session\\Middleware\\StartSession->handle(Object(Illuminate\\Http\\Request), Object(Closure))
#27 V:\\xampp\\htdocs\\UC\\wckfkqrxdt\\public_html\\vendor\\laravel\\framework\\src\\Illuminate\\Routing\\Pipeline.php(53): Illuminate\\Pipeline\\Pipeline->Illuminate\\Pipeline\\{closure}(Object(Illuminate\\Http\\Request))
#28 V:\\xampp\\htdocs\\UC\\wckfkqrxdt\\public_html\\vendor\\laravel\\framework\\src\\Illuminate\\Cookie\\Middleware\\AddQueuedCookiesToResponse.php(37): Illuminate\\Routing\\Pipeline->Illuminate\\Routing\\{closure}(Object(Illuminate\\Http\\Request))
#29 V:\\xampp\\htdocs\\UC\\wckfkqrxdt\\public_html\\vendor\\laravel\\framework\\src\\Illuminate\\Pipeline\\Pipeline.php(163): Illuminate\\Cookie\\Middleware\\AddQueuedCookiesToResponse->handle(Object(Illuminate\\Http\\Request), Object(Closure))
#30 V:\\xampp\\htdocs\\UC\\wckfkqrxdt\\public_html\\vendor\\laravel\\framework\\src\\Illuminate\\Routing\\Pipeline.php(53): Illuminate\\Pipeline\\Pipeline->Illuminate\\Pipeline\\{closure}(Object(Illuminate\\Http\\Request))
#31 V:\\xampp\\htdocs\\UC\\wckfkqrxdt\\public_html\\vendor\\laravel\\framework\\src\\Illuminate\\Cookie\\Middleware\\EncryptCookies.php(66): Illuminate\\Routing\\Pipeline->Illuminate\\Routing\\{closure}(Object(Illuminate\\Http\\Request))
#32 V:\\xampp\\htdocs\\UC\\wckfkqrxdt\\public_html\\vendor\\laravel\\framework\\src\\Illuminate\\Pipeline\\Pipeline.php(163): Illuminate\\Cookie\\Middleware\\EncryptCookies->handle(Object(Illuminate\\Http\\Request), Object(Closure))
#33 V:\\xampp\\htdocs\\UC\\wckfkqrxdt\\public_html\\vendor\\laravel\\framework\\src\\Illuminate\\Routing\\Pipeline.php(53): Illuminate\\Pipeline\\Pipeline->Illuminate\\Pipeline\\{closure}(Object(Illuminate\\Http\\Request))
#34 V:\\xampp\\htdocs\\UC\\wckfkqrxdt\\public_html\\vendor\\laravel\\framework\\src\\Illuminate\\Pipeline\\Pipeline.php(104): Illuminate\\Routing\\Pipeline->Illuminate\\Routing\\{closure}(Object(Illuminate\\Http\\Request))
#35 V:\\xampp\\htdocs\\UC\\wckfkqrxdt\\public_html\\vendor\\laravel\\framework\\src\\Illuminate\\Routing\\Router.php(684): Illuminate\\Pipeline\\Pipeline->then(Object(Closure))
#36 V:\\xampp\\htdocs\\UC\\wckfkqrxdt\\public_html\\vendor\\laravel\\framework\\src\\Illuminate\\Routing\\Router.php(659): Illuminate\\Routing\\Router->runRouteWithinStack(Object(Illuminate\\Routing\\Route), Object(Illuminate\\Http\\Request))
#37 V:\\xampp\\htdocs\\UC\\wckfkqrxdt\\public_html\\vendor\\laravel\\framework\\src\\Illuminate\\Routing\\Router.php(625): Illuminate\\Routing\\Router->runRoute(Object(Illuminate\\Http\\Request), Object(Illuminate\\Routing\\Route))
#38 V:\\xampp\\htdocs\\UC\\wckfkqrxdt\\public_html\\vendor\\laravel\\framework\\src\\Illuminate\\Routing\\Router.php(614): Illuminate\\Routing\\Router->dispatchToRoute(Object(Illuminate\\Http\\Request))
#39 V:\\xampp\\htdocs\\UC\\wckfkqrxdt\\public_html\\vendor\\laravel\\framework\\src\\Illuminate\\Foundation\\Http\\Kernel.php(176): Illuminate\\Routing\\Router->dispatch(Object(Illuminate\\Http\\Request))
#40 V:\\xampp\\htdocs\\UC\\wckfkqrxdt\\public_html\\vendor\\laravel\\framework\\src\\Illuminate\\Routing\\Pipeline.php(30): Illuminate\\Foundation\\Http\\Kernel->Illuminate\\Foundation\\Http\\{closure}(Object(Illuminate\\Http\\Request))
#41 V:\\xampp\\htdocs\\UC\\wckfkqrxdt\\public_html\\vendor\\barryvdh\\laravel-debugbar\\src\\Middleware\\InjectDebugbar.php(65): Illuminate\\Routing\\Pipeline->Illuminate\\Routing\\{closure}(Object(Illuminate\\Http\\Request))
#42 V:\\xampp\\htdocs\\UC\\wckfkqrxdt\\public_html\\vendor\\laravel\\framework\\src\\Illuminate\\Pipeline\\Pipeline.php(163): Barryvdh\\Debugbar\\Middleware\\InjectDebugbar->handle(Object(Illuminate\\Http\\Request), Object(Closure))
#43 V:\\xampp\\htdocs\\UC\\wckfkqrxdt\\public_html\\vendor\\laravel\\framework\\src\\Illuminate\\Routing\\Pipeline.php(53): Illuminate\\Pipeline\\Pipeline->Illuminate\\Pipeline\\{closure}(Object(Illuminate\\Http\\Request))
#44 V:\\xampp\\htdocs\\UC\\wckfkqrxdt\\public_html\\vendor\\laravel\\framework\\src\\Illuminate\\Foundation\\Http\\Middleware\\CheckForMaintenanceMode.php(62): Illuminate\\Routing\\Pipeline->Illuminate\\Routing\\{closure}(Object(Illuminate\\Http\\Request))
#45 V:\\xampp\\htdocs\\UC\\wckfkqrxdt\\public_html\\vendor\\laravel\\framework\\src\\Illuminate\\Pipeline\\Pipeline.php(163): Illuminate\\Foundation\\Http\\Middleware\\CheckForMaintenanceMode->handle(Object(Illuminate\\Http\\Request), Object(Closure))
#46 V:\\xampp\\htdocs\\UC\\wckfkqrxdt\\public_html\\vendor\\laravel\\framework\\src\\Illuminate\\Routing\\Pipeline.php(53): Illuminate\\Pipeline\\Pipeline->Illuminate\\Pipeline\\{closure}(Object(Illuminate\\Http\\Request))
#47 V:\\xampp\\htdocs\\UC\\wckfkqrxdt\\public_html\\vendor\\laravel\\framework\\src\\Illuminate\\Pipeline\\Pipeline.php(104): Illuminate\\Routing\\Pipeline->Illuminate\\Routing\\{closure}(Object(Illuminate\\Http\\Request))
#48 V:\\xampp\\htdocs\\UC\\wckfkqrxdt\\public_html\\vendor\\laravel\\framework\\src\\Illuminate\\Foundation\\Http\\Kernel.php(151): Illuminate\\Pipeline\\Pipeline->then(Object(Closure))
#49 V:\\xampp\\htdocs\\UC\\wckfkqrxdt\\public_html\\vendor\\laravel\\framework\\src\\Illuminate\\Foundation\\Http\\Kernel.php(116): Illuminate\\Foundation\\Http\\Kernel->sendRequestThroughRouter(Object(Illuminate\\Http\\Request))
#50 V:\\xampp\\htdocs\\UC\\wckfkqrxdt\\public_html\\public\\index.php(55): Illuminate\\Foundation\\Http\\Kernel->handle(Object(Illuminate\\Http\\Request))
#51 V:\\xampp\\htdocs\\UC\\wckfkqrxdt\\public_html\\server.php(21): require_once('V:\\\\xampp\\\\htdocs...')
#52 {main}
"} 
[2020-12-01 12:11:52] local.ERROR: Route [provider.profile.show] not defined. (View: V:\xampp\htdocs\UC\wckfkqrxdt\public_html\resources\views\user\layout\app.blade.php) (View: V:\xampp\htdocs\UC\wckfkqrxdt\public_html\resources\views\user\layout\app.blade.php) {"userId":1,"email":"user@dragon.com","exception":"[object] (ErrorException(code: 0): Route [provider.profile.show] not defined. (View: V:\\xampp\\htdocs\\UC\\wckfkqrxdt\\public_html\esources\\views\\user\\layout\\app.blade.php) (View: V:\\xampp\\htdocs\\UC\\wckfkqrxdt\\public_html\esources\\views\\user\\layout\\app.blade.php) at V:\\xampp\\htdocs\\UC\\wckfkqrxdt\\public_html\\vendor\\laravel\\framework\\src\\Illuminate\\Routing\\UrlGenerator.php:389, ErrorException(code: 0): Route [provider.profile.show] not defined. (View: V:\\xampp\\htdocs\\UC\\wckfkqrxdt\\public_html\esources\\views\\user\\layout\\app.blade.php) at V:\\xampp\\htdocs\\UC\\wckfkqrxdt\\public_html\\vendor\\laravel\\framework\\src\\Illuminate\\Routing\\UrlGenerator.php:389, InvalidArgumentException(code: 0): Route [provider.profile.show] not defined. at V:\\xampp\\htdocs\\UC\\wckfkqrxdt\\public_html\\vendor\\laravel\\framework\\src\\Illuminate\\Routing\\UrlGenerator.php:389)
[stacktrace]
#0 V:\\xampp\\htdocs\\UC\\wckfkqrxdt\\public_html\\vendor\\livewire\\livewire\\src\\CompilerEngine.php(71): Illuminate\\View\\Engines\\CompilerEngine->handleViewException(Object(ErrorException), 1)
#1 V:\\xampp\\htdocs\\UC\\wckfkqrxdt\\public_html\\vendor\\laravel\\framework\\src\\Illuminate\\View\\Engines\\PhpEngine.php(45): Livewire\\CompilerEngine->handleViewException(Object(ErrorException), 1)
#2 V:\\xampp\\htdocs\\UC\\wckfkqrxdt\\public_html\\vendor\\livewire\\livewire\\src\\LivewireViewCompilerEngine.php(36): Illuminate\\View\\Engines\\PhpEngine->evaluatePath('V:\\\\xampp\\\\htdocs...', Array)
#3 V:\\xampp\\htdocs\\UC\\wckfkqrxdt\\public_html\\vendor\\laravel\\framework\\src\\Illuminate\\View\\Engines\\CompilerEngine.php(59): Livewire\\LivewireViewCompilerEngine->evaluatePath('V:\\\\xampp\\\\htdocs...', Array)
#4 V:\\xampp\\htdocs\\UC\\wckfkqrxdt\\public_html\\vendor\\laravel\\framework\\src\\Illuminate\\View\\View.php(142): Illuminate\\View\\Engines\\CompilerEngine->get('V:\\\\xampp\\\\htdocs...', Array)
#5 V:\\xampp\\htdocs\\UC\\wckfkqrxdt\\public_html\\vendor\\laravel\\framework\\src\\Illuminate\\View\\View.php(125): Illuminate\\View\\View->getContents()
#6 V:\\xampp\\htdocs\\UC\\wckfkqrxdt\\public_html\\vendor\\laravel\\framework\\src\\Illuminate\\View\\View.php(90): Illuminate\\View\\View->renderContents()
#7 V:\\xampp\\htdocs\\UC\\wckfkqrxdt\\public_html\\vendor\\laravel\\framework\\src\\Illuminate\\Http\\Response.php(42): Illuminate\\View\\View->render()
#8 V:\\xampp\\htdocs\\UC\\wckfkqrxdt\\public_html\\vendor\\symfony\\http-foundation\\Response.php(205): Illuminate\\Http\\Response->setContent(Object(Illuminate\\View\\View))
#9 V:\\xampp\\htdocs\\UC\\wckfkqrxdt\\public_html\\vendor\\laravel\\framework\\src\\Illuminate\\Routing\\Router.php(750): Symfony\\Component\\HttpFoundation\\Response->__construct(Object(Illuminate\\View\\View))
#10 V:\\xampp\\htdocs\\UC\\wckfkqrxdt\\public_html\\vendor\\laravel\\framework\\src\\Illuminate\\Routing\\Router.php(722): Illuminate\\Routing\\Router::toResponse(Object(Illuminate\\Http\\Request), Object(Illuminate\\View\\View))
#11 V:\\xampp\\htdocs\\UC\\wckfkqrxdt\\public_html\\vendor\\laravel\\framework\\src\\Illuminate\\Routing\\Router.php(682): Illuminate\\Routing\\Router->prepareResponse(Object(Illuminate\\Http\\Request), Object(Illuminate\\View\\View))
#12 V:\\xampp\\htdocs\\UC\\wckfkqrxdt\\public_html\\vendor\\laravel\\framework\\src\\Illuminate\\Routing\\Pipeline.php(30): Illuminate\\Routing\\Router->Illuminate\\Routing\\{closure}(Object(Illuminate\\Http\\Request))
#13 V:\\xampp\\htdocs\\UC\\wckfkqrxdt\\public_html\\app\\Http\\Middleware\\LanguageMiddleware.php(29): Illuminate\\Routing\\Pipeline->Illuminate\\Routing\\{closure}(Object(Illuminate\\Http\\Request))
#14 V:\\xampp\\htdocs\\UC\\wckfkqrxdt\\public_html\\vendor\\laravel\\framework\\src\\Illuminate\\Pipeline\\Pipeline.php(163): App\\Http\\Middleware\\LanguageMiddleware->handle(Object(Illuminate\\Http\\Request), Object(Closure))
#15 V:\\xampp\\htdocs\\UC\\wckfkqrxdt\\public_html\\vendor\\laravel\\framework\\src\\Illuminate\\Routing\\Pipeline.php(53): Illuminate\\Pipeline\\Pipeline->Illuminate\\Pipeline\\{closure}(Object(Illuminate\\Http\\Request))
#16 V:\\xampp\\htdocs\\UC\\wckfkqrxdt\\public_html\\vendor\\laravel\\framework\\src\\Illuminate\\Routing\\Middleware\\SubstituteBindings.php(41): Illuminate\\Routing\\Pipeline->Illuminate\\Routing\\{closure}(Object(Illuminate\\Http\\Request))
#17 V:\\xampp\\htdocs\\UC\\wckfkqrxdt\\public_html\\vendor\\laravel\\framework\\src\\Illuminate\\Pipeline\\Pipeline.php(163): Illuminate\\Routing\\Middleware\\SubstituteBindings->handle(Object(Illuminate\\Http\\Request), Object(Closure))
#18 V:\\xampp\\htdocs\\UC\\wckfkqrxdt\\public_html\\vendor\\laravel\\framework\\src\\Illuminate\\Routing\\Pipeline.php(53): Illuminate\\Pipeline\\Pipeline->Illuminate\\Pipeline\\{closure}(Object(Illuminate\\Http\\Request))
#19 V:\\xampp\\htdocs\\UC\\wckfkqrxdt\\public_html\\vendor\\laravel\\framework\\src\\Illuminate\\Foundation\\Http\\Middleware\\VerifyCsrfToken.php(75): Illuminate\\Routing\\Pipeline->Illuminate\\Routing\\{closure}(Object(Illuminate\\Http\\Request))
#20 V:\\xampp\\htdocs\\UC\\wckfkqrxdt\\public_html\\vendor\\laravel\\framework\\src\\Illuminate\\Pipeline\\Pipeline.php(163): Illuminate\\Foundation\\Http\\Middleware\\VerifyCsrfToken->handle(Object(Illuminate\\Http\\Request), Object(Closure))
#21 V:\\xampp\\htdocs\\UC\\wckfkqrxdt\\public_html\\vendor\\laravel\\framework\\src\\Illuminate\\Routing\\Pipeline.php(53): Illuminate\\Pipeline\\Pipeline->Illuminate\\Pipeline\\{closure}(Object(Illuminate\\Http\\Request))
#22 V:\\xampp\\htdocs\\UC\\wckfkqrxdt\\public_html\\vendor\\laravel\\framework\\src\\Illuminate\\View\\Middleware\\ShareErrorsFromSession.php(49): Illuminate\\Routing\\Pipeline->Illuminate\\Routing\\{closure}(Object(Illuminate\\Http\\Request))
#23 V:\\xampp\\htdocs\\UC\\wckfkqrxdt\\public_html\\vendor\\laravel\\framework\\src\\Illuminate\\Pipeline\\Pipeline.php(163): Illuminate\\View\\Middleware\\ShareErrorsFromSession->handle(Object(Illuminate\\Http\\Request), Object(Closure))
#24 V:\\xampp\\htdocs\\UC\\wckfkqrxdt\\public_html\\vendor\\laravel\\framework\\src\\Illuminate\\Routing\\Pipeline.php(53): Illuminate\\Pipeline\\Pipeline->Illuminate\\Pipeline\\{closure}(Object(Illuminate\\Http\\Request))
#25 V:\\xampp\\htdocs\\UC\\wckfkqrxdt\\public_html\\vendor\\laravel\\framework\\src\\Illuminate\\Session\\Middleware\\StartSession.php(63): Illuminate\\Routing\\Pipeline->Illuminate\\Routing\\{closure}(Object(Illuminate\\Http\\Request))
#26 V:\\xampp\\htdocs\\UC\\wckfkqrxdt\\public_html\\vendor\\laravel\\framework\\src\\Illuminate\\Pipeline\\Pipeline.php(163): Illuminate\\Session\\Middleware\\StartSession->handle(Object(Illuminate\\Http\\Request), Object(Closure))
#27 V:\\xampp\\htdocs\\UC\\wckfkqrxdt\\public_html\\vendor\\laravel\\framework\\src\\Illuminate\\Routing\\Pipeline.php(53): Illuminate\\Pipeline\\Pipeline->Illuminate\\Pipeline\\{closure}(Object(Illuminate\\Http\\Request))
#28 V:\\xampp\\htdocs\\UC\\wckfkqrxdt\\public_html\\vendor\\laravel\\framework\\src\\Illuminate\\Cookie\\Middleware\\AddQueuedCookiesToResponse.php(37): Illuminate\\Routing\\Pipeline->Illuminate\\Routing\\{closure}(Object(Illuminate\\Http\\Request))
#29 V:\\xampp\\htdocs\\UC\\wckfkqrxdt\\public_html\\vendor\\laravel\\framework\\src\\Illuminate\\Pipeline\\Pipeline.php(163): Illuminate\\Cookie\\Middleware\\AddQueuedCookiesToResponse->handle(Object(Illuminate\\Http\\Request), Object(Closure))
#30 V:\\xampp\\htdocs\\UC\\wckfkqrxdt\\public_html\\vendor\\laravel\\framework\\src\\Illuminate\\Routing\\Pipeline.php(53): Illuminate\\Pipeline\\Pipeline->Illuminate\\Pipeline\\{closure}(Object(Illuminate\\Http\\Request))
#31 V:\\xampp\\htdocs\\UC\\wckfkqrxdt\\public_html\\vendor\\laravel\\framework\\src\\Illuminate\\Cookie\\Middleware\\EncryptCookies.php(66): Illuminate\\Routing\\Pipeline->Illuminate\\Routing\\{closure}(Object(Illuminate\\Http\\Request))
#32 V:\\xampp\\htdocs\\UC\\wckfkqrxdt\\public_html\\vendor\\laravel\\framework\\src\\Illuminate\\Pipeline\\Pipeline.php(163): Illuminate\\Cookie\\Middleware\\EncryptCookies->handle(Object(Illuminate\\Http\\Request), Object(Closure))
#33 V:\\xampp\\htdocs\\UC\\wckfkqrxdt\\public_html\\vendor\\laravel\\framework\\src\\Illuminate\\Routing\\Pipeline.php(53): Illuminate\\Pipeline\\Pipeline->Illuminate\\Pipeline\\{closure}(Object(Illuminate\\Http\\Request))
#34 V:\\xampp\\htdocs\\UC\\wckfkqrxdt\\public_html\\vendor\\laravel\\framework\\src\\Illuminate\\Pipeline\\Pipeline.php(104): Illuminate\\Routing\\Pipeline->Illuminate\\Routing\\{closure}(Object(Illuminate\\Http\\Request))
#35 V:\\xampp\\htdocs\\UC\\wckfkqrxdt\\public_html\\vendor\\laravel\\framework\\src\\Illuminate\\Routing\\Router.php(684): Illuminate\\Pipeline\\Pipeline->then(Object(Closure))
#36 V:\\xampp\\htdocs\\UC\\wckfkqrxdt\\public_html\\vendor\\laravel\\framework\\src\\Illuminate\\Routing\\Router.php(659): Illuminate\\Routing\\Router->runRouteWithinStack(Object(Illuminate\\Routing\\Route), Object(Illuminate\\Http\\Request))
#37 V:\\xampp\\htdocs\\UC\\wckfkqrxdt\\public_html\\vendor\\laravel\\framework\\src\\Illuminate\\Routing\\Router.php(625): Illuminate\\Routing\\Router->runRoute(Object(Illuminate\\Http\\Request), Object(Illuminate\\Routing\\Route))
#38 V:\\xampp\\htdocs\\UC\\wckfkqrxdt\\public_html\\vendor\\laravel\\framework\\src\\Illuminate\\Routing\\Router.php(614): Illuminate\\Routing\\Router->dispatchToRoute(Object(Illuminate\\Http\\Request))
#39 V:\\xampp\\htdocs\\UC\\wckfkqrxdt\\public_html\\vendor\\laravel\\framework\\src\\Illuminate\\Foundation\\Http\\Kernel.php(176): Illuminate\\Routing\\Router->dispatch(Object(Illuminate\\Http\\Request))
#40 V:\\xampp\\htdocs\\UC\\wckfkqrxdt\\public_html\\vendor\\laravel\\framework\\src\\Illuminate\\Routing\\Pipeline.php(30): Illuminate\\Foundation\\Http\\Kernel->Illuminate\\Foundation\\Http\\{closure}(Object(Illuminate\\Http\\Request))
#41 V:\\xampp\\htdocs\\UC\\wckfkqrxdt\\public_html\\vendor\\barryvdh\\laravel-debugbar\\src\\Middleware\\InjectDebugbar.php(65): Illuminate\\Routing\\Pipeline->Illuminate\\Routing\\{closure}(Object(Illuminate\\Http\\Request))
#42 V:\\xampp\\htdocs\\UC\\wckfkqrxdt\\public_html\\vendor\\laravel\\framework\\src\\Illuminate\\Pipeline\\Pipeline.php(163): Barryvdh\\Debugbar\\Middleware\\InjectDebugbar->handle(Object(Illuminate\\Http\\Request), Object(Closure))
#43 V:\\xampp\\htdocs\\UC\\wckfkqrxdt\\public_html\\vendor\\laravel\\framework\\src\\Illuminate\\Routing\\Pipeline.php(53): Illuminate\\Pipeline\\Pipeline->Illuminate\\Pipeline\\{closure}(Object(Illuminate\\Http\\Request))
#44 V:\\xampp\\htdocs\\UC\\wckfkqrxdt\\public_html\\vendor\\laravel\\framework\\src\\Illuminate\\Foundation\\Http\\Middleware\\CheckForMaintenanceMode.php(62): Illuminate\\Routing\\Pipeline->Illuminate\\Routing\\{closure}(Object(Illuminate\\Http\\Request))
#45 V:\\xampp\\htdocs\\UC\\wckfkqrxdt\\public_html\\vendor\\laravel\\framework\\src\\Illuminate\\Pipeline\\Pipeline.php(163): Illuminate\\Foundation\\Http\\Middleware\\CheckForMaintenanceMode->handle(Object(Illuminate\\Http\\Request), Object(Closure))
#46 V:\\xampp\\htdocs\\UC\\wckfkqrxdt\\public_html\\vendor\\laravel\\framework\\src\\Illuminate\\Routing\\Pipeline.php(53): Illuminate\\Pipeline\\Pipeline->Illuminate\\Pipeline\\{closure}(Object(Illuminate\\Http\\Request))
#47 V:\\xampp\\htdocs\\UC\\wckfkqrxdt\\public_html\\vendor\\laravel\\framework\\src\\Illuminate\\Pipeline\\Pipeline.php(104): Illuminate\\Routing\\Pipeline->Illuminate\\Routing\\{closure}(Object(Illuminate\\Http\\Request))
#48 V:\\xampp\\htdocs\\UC\\wckfkqrxdt\\public_html\\vendor\\laravel\\framework\\src\\Illuminate\\Foundation\\Http\\Kernel.php(151): Illuminate\\Pipeline\\Pipeline->then(Object(Closure))
#49 V:\\xampp\\htdocs\\UC\\wckfkqrxdt\\public_html\\vendor\\laravel\\framework\\src\\Illuminate\\Foundation\\Http\\Kernel.php(116): Illuminate\\Foundation\\Http\\Kernel->sendRequestThroughRouter(Object(Illuminate\\Http\\Request))
#50 V:\\xampp\\htdocs\\UC\\wckfkqrxdt\\public_html\\public\\index.php(55): Illuminate\\Foundation\\Http\\Kernel->handle(Object(Illuminate\\Http\\Request))
#51 V:\\xampp\\htdocs\\UC\\wckfkqrxdt\\public_html\\server.php(21): require_once('V:\\\\xampp\\\\htdocs...')
#52 {main}
"} 
[2020-12-01 19:37:17] local.ERROR: Class 'ServiceTypes' not found {"userId":1,"email":"user@dragon.com","exception":"[object] (Symfony\\Component\\Debug\\Exception\\FatalThrowableError(code: 0): Class 'ServiceTypes' not found at V:\\xampp\\htdocs\\UC\\wckfkqrxdt\\public_html\outes\\web.php:129)
[stacktrace]
#0 V:\\xampp\\htdocs\\UC\\wckfkqrxdt\\public_html\\vendor\\laravel\\framework\\src\\Illuminate\\Routing\\Route.php(205): App\\Providers\\RouteServiceProvider->{closure}()
#1 V:\\xampp\\htdocs\\UC\\wckfkqrxdt\\public_html\\vendor\\laravel\\framework\\src\\Illuminate\\Routing\\Route.php(179): Illuminate\\Routing\\Route->runCallable()
#2 V:\\xampp\\htdocs\\UC\\wckfkqrxdt\\public_html\\vendor\\laravel\\framework\\src\\Illuminate\\Routing\\Router.php(682): Illuminate\\Routing\\Route->run()
#3 V:\\xampp\\htdocs\\UC\\wckfkqrxdt\\public_html\\vendor\\laravel\\framework\\src\\Illuminate\\Routing\\Pipeline.php(30): Illuminate\\Routing\\Router->Illuminate\\Routing\\{closure}(Object(Illuminate\\Http\\Request))
#4 V:\\xampp\\htdocs\\UC\\wckfkqrxdt\\public_html\\app\\Http\\Middleware\\LanguageMiddleware.php(29): Illuminate\\Routing\\Pipeline->Illuminate\\Routing\\{closure}(Object(Illuminate\\Http\\Request))
#5 V:\\xampp\\htdocs\\UC\\wckfkqrxdt\\public_html\\vendor\\laravel\\framework\\src\\Illuminate\\Pipeline\\Pipeline.php(163): App\\Http\\Middleware\\LanguageMiddleware->handle(Object(Illuminate\\Http\\Request), Object(Closure))
#6 V:\\xampp\\htdocs\\UC\\wckfkqrxdt\\public_html\\vendor\\laravel\\framework\\src\\Illuminate\\Routing\\Pipeline.php(53): Illuminate\\Pipeline\\Pipeline->Illuminate\\Pipeline\\{closure}(Object(Illuminate\\Http\\Request))
#7 V:\\xampp\\htdocs\\UC\\wckfkqrxdt\\public_html\\vendor\\laravel\\framework\\src\\Illuminate\\Routing\\Middleware\\SubstituteBindings.php(41): Illuminate\\Routing\\Pipeline->Illuminate\\Routing\\{closure}(Object(Illuminate\\Http\\Request))
#8 V:\\xampp\\htdocs\\UC\\wckfkqrxdt\\public_html\\vendor\\laravel\\framework\\src\\Illuminate\\Pipeline\\Pipeline.php(163): Illuminate\\Routing\\Middleware\\SubstituteBindings->handle(Object(Illuminate\\Http\\Request), Object(Closure))
#9 V:\\xampp\\htdocs\\UC\\wckfkqrxdt\\public_html\\vendor\\laravel\\framework\\src\\Illuminate\\Routing\\Pipeline.php(53): Illuminate\\Pipeline\\Pipeline->Illuminate\\Pipeline\\{closure}(Object(Illuminate\\Http\\Request))
#10 V:\\xampp\\htdocs\\UC\\wckfkqrxdt\\public_html\\vendor\\laravel\\framework\\src\\Illuminate\\Foundation\\Http\\Middleware\\VerifyCsrfToken.php(75): Illuminate\\Routing\\Pipeline->Illuminate\\Routing\\{closure}(Object(Illuminate\\Http\\Request))
#11 V:\\xampp\\htdocs\\UC\\wckfkqrxdt\\public_html\\vendor\\laravel\\framework\\src\\Illuminate\\Pipeline\\Pipeline.php(163): Illuminate\\Foundation\\Http\\Middleware\\VerifyCsrfToken->handle(Object(Illuminate\\Http\\Request), Object(Closure))
#12 V:\\xampp\\htdocs\\UC\\wckfkqrxdt\\public_html\\vendor\\laravel\\framework\\src\\Illuminate\\Routing\\Pipeline.php(53): Illuminate\\Pipeline\\Pipeline->Illuminate\\Pipeline\\{closure}(Object(Illuminate\\Http\\Request))
#13 V:\\xampp\\htdocs\\UC\\wckfkqrxdt\\public_html\\vendor\\laravel\\framework\\src\\Illuminate\\View\\Middleware\\ShareErrorsFromSession.php(49): Illuminate\\Routing\\Pipeline->Illuminate\\Routing\\{closure}(Object(Illuminate\\Http\\Request))
#14 V:\\xampp\\htdocs\\UC\\wckfkqrxdt\\public_html\\vendor\\laravel\\framework\\src\\Illuminate\\Pipeline\\Pipeline.php(163): Illuminate\\View\\Middleware\\ShareErrorsFromSession->handle(Object(Illuminate\\Http\\Request), Object(Closure))
#15 V:\\xampp\\htdocs\\UC\\wckfkqrxdt\\public_html\\vendor\\laravel\\framework\\src\\Illuminate\\Routing\\Pipeline.php(53): Illuminate\\Pipeline\\Pipeline->Illuminate\\Pipeline\\{closure}(Object(Illuminate\\Http\\Request))
#16 V:\\xampp\\htdocs\\UC\\wckfkqrxdt\\public_html\\vendor\\laravel\\framework\\src\\Illuminate\\Session\\Middleware\\StartSession.php(63): Illuminate\\Routing\\Pipeline->Illuminate\\Routing\\{closure}(Object(Illuminate\\Http\\Request))
#17 V:\\xampp\\htdocs\\UC\\wckfkqrxdt\\public_html\\vendor\\laravel\\framework\\src\\Illuminate\\Pipeline\\Pipeline.php(163): Illuminate\\Session\\Middleware\\StartSession->handle(Object(Illuminate\\Http\\Request), Object(Closure))
#18 V:\\xampp\\htdocs\\UC\\wckfkqrxdt\\public_html\\vendor\\laravel\\framework\\src\\Illuminate\\Routing\\Pipeline.php(53): Illuminate\\Pipeline\\Pipeline->Illuminate\\Pipeline\\{closure}(Object(Illuminate\\Http\\Request))
#19 V:\\xampp\\htdocs\\UC\\wckfkqrxdt\\public_html\\vendor\\laravel\\framework\\src\\Illuminate\\Cookie\\Middleware\\AddQueuedCookiesToResponse.php(37): Illuminate\\Routing\\Pipeline->Illuminate\\Routing\\{closure}(Object(Illuminate\\Http\\Request))
#20 V:\\xampp\\htdocs\\UC\\wckfkqrxdt\\public_html\\vendor\\laravel\\framework\\src\\Illuminate\\Pipeline\\Pipeline.php(163): Illuminate\\Cookie\\Middleware\\AddQueuedCookiesToResponse->handle(Object(Illuminate\\Http\\Request), Object(Closure))
#21 V:\\xampp\\htdocs\\UC\\wckfkqrxdt\\public_html\\vendor\\laravel\\framework\\src\\Illuminate\\Routing\\Pipeline.php(53): Illuminate\\Pipeline\\Pipeline->Illuminate\\Pipeline\\{closure}(Object(Illuminate\\Http\\Request))
#22 V:\\xampp\\htdocs\\UC\\wckfkqrxdt\\public_html\\vendor\\laravel\\framework\\src\\Illuminate\\Cookie\\Middleware\\EncryptCookies.php(66): Illuminate\\Routing\\Pipeline->Illuminate\\Routing\\{closure}(Object(Illuminate\\Http\\Request))
#23 V:\\xampp\\htdocs\\UC\\wckfkqrxdt\\public_html\\vendor\\laravel\\framework\\src\\Illuminate\\Pipeline\\Pipeline.php(163): Illuminate\\Cookie\\Middleware\\EncryptCookies->handle(Object(Illuminate\\Http\\Request), Object(Closure))
#24 V:\\xampp\\htdocs\\UC\\wckfkqrxdt\\public_html\\vendor\\laravel\\framework\\src\\Illuminate\\Routing\\Pipeline.php(53): Illuminate\\Pipeline\\Pipeline->Illuminate\\Pipeline\\{closure}(Object(Illuminate\\Http\\Request))
#25 V:\\xampp\\htdocs\\UC\\wckfkqrxdt\\public_html\\vendor\\laravel\\framework\\src\\Illuminate\\Pipeline\\Pipeline.php(104): Illuminate\\Routing\\Pipeline->Illuminate\\Routing\\{closure}(Object(Illuminate\\Http\\Request))
#26 V:\\xampp\\htdocs\\UC\\wckfkqrxdt\\public_html\\vendor\\laravel\\framework\\src\\Illuminate\\Routing\\Router.php(684): Illuminate\\Pipeline\\Pipeline->then(Object(Closure))
#27 V:\\xampp\\htdocs\\UC\\wckfkqrxdt\\public_html\\vendor\\laravel\\framework\\src\\Illuminate\\Routing\\Router.php(659): Illuminate\\Routing\\Router->runRouteWithinStack(Object(Illuminate\\Routing\\Route), Object(Illuminate\\Http\\Request))
#28 V:\\xampp\\htdocs\\UC\\wckfkqrxdt\\public_html\\vendor\\laravel\\framework\\src\\Illuminate\\Routing\\Router.php(625): Illuminate\\Routing\\Router->runRoute(Object(Illuminate\\Http\\Request), Object(Illuminate\\Routing\\Route))
#29 V:\\xampp\\htdocs\\UC\\wckfkqrxdt\\public_html\\vendor\\laravel\\framework\\src\\Illuminate\\Routing\\Router.php(614): Illuminate\\Routing\\Router->dispatchToRoute(Object(Illuminate\\Http\\Request))
#30 V:\\xampp\\htdocs\\UC\\wckfkqrxdt\\public_html\\vendor\\laravel\\framework\\src\\Illuminate\\Foundation\\Http\\Kernel.php(176): Illuminate\\Routing\\Router->dispatch(Object(Illuminate\\Http\\Request))
#31 V:\\xampp\\htdocs\\UC\\wckfkqrxdt\\public_html\\vendor\\laravel\\framework\\src\\Illuminate\\Routing\\Pipeline.php(30): Illuminate\\Foundation\\Http\\Kernel->Illuminate\\Foundation\\Http\\{closure}(Object(Illuminate\\Http\\Request))
#32 V:\\xampp\\htdocs\\UC\\wckfkqrxdt\\public_html\\vendor\\barryvdh\\laravel-debugbar\\src\\Middleware\\InjectDebugbar.php(65): Illuminate\\Routing\\Pipeline->Illuminate\\Routing\\{closure}(Object(Illuminate\\Http\\Request))
#33 V:\\xampp\\htdocs\\UC\\wckfkqrxdt\\public_html\\vendor\\laravel\\framework\\src\\Illuminate\\Pipeline\\Pipeline.php(163): Barryvdh\\Debugbar\\Middleware\\InjectDebugbar->handle(Object(Illuminate\\Http\\Request), Object(Closure))
#34 V:\\xampp\\htdocs\\UC\\wckfkqrxdt\\public_html\\vendor\\laravel\\framework\\src\\Illuminate\\Routing\\Pipeline.php(53): Illuminate\\Pipeline\\Pipeline->Illuminate\\Pipeline\\{closure}(Object(Illuminate\\Http\\Request))
#35 V:\\xampp\\htdocs\\UC\\wckfkqrxdt\\public_html\\vendor\\laravel\\framework\\src\\Illuminate\\Foundation\\Http\\Middleware\\CheckForMaintenanceMode.php(62): Illuminate\\Routing\\Pipeline->Illuminate\\Routing\\{closure}(Object(Illuminate\\Http\\Request))
#36 V:\\xampp\\htdocs\\UC\\wckfkqrxdt\\public_html\\vendor\\laravel\\framework\\src\\Illuminate\\Pipeline\\Pipeline.php(163): Illuminate\\Foundation\\Http\\Middleware\\CheckForMaintenanceMode->handle(Object(Illuminate\\Http\\Request), Object(Closure))
#37 V:\\xampp\\htdocs\\UC\\wckfkqrxdt\\public_html\\vendor\\laravel\\framework\\src\\Illuminate\\Routing\\Pipeline.php(53): Illuminate\\Pipeline\\Pipeline->Illuminate\\Pipeline\\{closure}(Object(Illuminate\\Http\\Request))
#38 V:\\xampp\\htdocs\\UC\\wckfkqrxdt\\public_html\\vendor\\laravel\\framework\\src\\Illuminate\\Pipeline\\Pipeline.php(104): Illuminate\\Routing\\Pipeline->Illuminate\\Routing\\{closure}(Object(Illuminate\\Http\\Request))
#39 V:\\xampp\\htdocs\\UC\\wckfkqrxdt\\public_html\\vendor\\laravel\\framework\\src\\Illuminate\\Foundation\\Http\\Kernel.php(151): Illuminate\\Pipeline\\Pipeline->then(Object(Closure))
#40 V:\\xampp\\htdocs\\UC\\wckfkqrxdt\\public_html\\vendor\\laravel\\framework\\src\\Illuminate\\Foundation\\Http\\Kernel.php(116): Illuminate\\Foundation\\Http\\Kernel->sendRequestThroughRouter(Object(Illuminate\\Http\\Request))
#41 V:\\xampp\\htdocs\\UC\\wckfkqrxdt\\public_html\\public\\index.php(55): Illuminate\\Foundation\\Http\\Kernel->handle(Object(Illuminate\\Http\\Request))
#42 V:\\xampp\\htdocs\\UC\\wckfkqrxdt\\public_html\\server.php(21): require_once('V:\\\\xampp\\\\htdocs...')
#43 {main}
"} 
[2020-12-01 19:37:36] local.ERROR: Class 'App\ServiceTypes' not found {"userId":1,"email":"user@dragon.com","exception":"[object] (Symfony\\Component\\Debug\\Exception\\FatalThrowableError(code: 0): Class 'App\\ServiceTypes' not found at V:\\xampp\\htdocs\\UC\\wckfkqrxdt\\public_html\outes\\web.php:129)
[stacktrace]
#0 V:\\xampp\\htdocs\\UC\\wckfkqrxdt\\public_html\\vendor\\laravel\\framework\\src\\Illuminate\\Routing\\Route.php(205): App\\Providers\\RouteServiceProvider->{closure}()
#1 V:\\xampp\\htdocs\\UC\\wckfkqrxdt\\public_html\\vendor\\laravel\\framework\\src\\Illuminate\\Routing\\Route.php(179): Illuminate\\Routing\\Route->runCallable()
#2 V:\\xampp\\htdocs\\UC\\wckfkqrxdt\\public_html\\vendor\\laravel\\framework\\src\\Illuminate\\Routing\\Router.php(682): Illuminate\\Routing\\Route->run()
#3 V:\\xampp\\htdocs\\UC\\wckfkqrxdt\\public_html\\vendor\\laravel\\framework\\src\\Illuminate\\Routing\\Pipeline.php(30): Illuminate\\Routing\\Router->Illuminate\\Routing\\{closure}(Object(Illuminate\\Http\\Request))
#4 V:\\xampp\\htdocs\\UC\\wckfkqrxdt\\public_html\\app\\Http\\Middleware\\LanguageMiddleware.php(29): Illuminate\\Routing\\Pipeline->Illuminate\\Routing\\{closure}(Object(Illuminate\\Http\\Request))
#5 V:\\xampp\\htdocs\\UC\\wckfkqrxdt\\public_html\\vendor\\laravel\\framework\\src\\Illuminate\\Pipeline\\Pipeline.php(163): App\\Http\\Middleware\\LanguageMiddleware->handle(Object(Illuminate\\Http\\Request), Object(Closure))
#6 V:\\xampp\\htdocs\\UC\\wckfkqrxdt\\public_html\\vendor\\laravel\\framework\\src\\Illuminate\\Routing\\Pipeline.php(53): Illuminate\\Pipeline\\Pipeline->Illuminate\\Pipeline\\{closure}(Object(Illuminate\\Http\\Request))
#7 V:\\xampp\\htdocs\\UC\\wckfkqrxdt\\public_html\\vendor\\laravel\\framework\\src\\Illuminate\\Routing\\Middleware\\SubstituteBindings.php(41): Illuminate\\Routing\\Pipeline->Illuminate\\Routing\\{closure}(Object(Illuminate\\Http\\Request))
#8 V:\\xampp\\htdocs\\UC\\wckfkqrxdt\\public_html\\vendor\\laravel\\framework\\src\\Illuminate\\Pipeline\\Pipeline.php(163): Illuminate\\Routing\\Middleware\\SubstituteBindings->handle(Object(Illuminate\\Http\\Request), Object(Closure))
#9 V:\\xampp\\htdocs\\UC\\wckfkqrxdt\\public_html\\vendor\\laravel\\framework\\src\\Illuminate\\Routing\\Pipeline.php(53): Illuminate\\Pipeline\\Pipeline->Illuminate\\Pipeline\\{closure}(Object(Illuminate\\Http\\Request))
#10 V:\\xampp\\htdocs\\UC\\wckfkqrxdt\\public_html\\vendor\\laravel\\framework\\src\\Illuminate\\Foundation\\Http\\Middleware\\VerifyCsrfToken.php(75): Illuminate\\Routing\\Pipeline->Illuminate\\Routing\\{closure}(Object(Illuminate\\Http\\Request))
#11 V:\\xampp\\htdocs\\UC\\wckfkqrxdt\\public_html\\vendor\\laravel\\framework\\src\\Illuminate\\Pipeline\\Pipeline.php(163): Illuminate\\Foundation\\Http\\Middleware\\VerifyCsrfToken->handle(Object(Illuminate\\Http\\Request), Object(Closure))
#12 V:\\xampp\\htdocs\\UC\\wckfkqrxdt\\public_html\\vendor\\laravel\\framework\\src\\Illuminate\\Routing\\Pipeline.php(53): Illuminate\\Pipeline\\Pipeline->Illuminate\\Pipeline\\{closure}(Object(Illuminate\\Http\\Request))
#13 V:\\xampp\\htdocs\\UC\\wckfkqrxdt\\public_html\\vendor\\laravel\\framework\\src\\Illuminate\\View\\Middleware\\ShareErrorsFromSession.php(49): Illuminate\\Routing\\Pipeline->Illuminate\\Routing\\{closure}(Object(Illuminate\\Http\\Request))
#14 V:\\xampp\\htdocs\\UC\\wckfkqrxdt\\public_html\\vendor\\laravel\\framework\\src\\Illuminate\\Pipeline\\Pipeline.php(163): Illuminate\\View\\Middleware\\ShareErrorsFromSession->handle(Object(Illuminate\\Http\\Request), Object(Closure))
#15 V:\\xampp\\htdocs\\UC\\wckfkqrxdt\\public_html\\vendor\\laravel\\framework\\src\\Illuminate\\Routing\\Pipeline.php(53): Illuminate\\Pipeline\\Pipeline->Illuminate\\Pipeline\\{closure}(Object(Illuminate\\Http\\Request))
#16 V:\\xampp\\htdocs\\UC\\wckfkqrxdt\\public_html\\vendor\\laravel\\framework\\src\\Illuminate\\Session\\Middleware\\StartSession.php(63): Illuminate\\Routing\\Pipeline->Illuminate\\Routing\\{closure}(Object(Illuminate\\Http\\Request))
#17 V:\\xampp\\htdocs\\UC\\wckfkqrxdt\\public_html\\vendor\\laravel\\framework\\src\\Illuminate\\Pipeline\\Pipeline.php(163): Illuminate\\Session\\Middleware\\StartSession->handle(Object(Illuminate\\Http\\Request), Object(Closure))
#18 V:\\xampp\\htdocs\\UC\\wckfkqrxdt\\public_html\\vendor\\laravel\\framework\\src\\Illuminate\\Routing\\Pipeline.php(53): Illuminate\\Pipeline\\Pipeline->Illuminate\\Pipeline\\{closure}(Object(Illuminate\\Http\\Request))
#19 V:\\xampp\\htdocs\\UC\\wckfkqrxdt\\public_html\\vendor\\laravel\\framework\\src\\Illuminate\\Cookie\\Middleware\\AddQueuedCookiesToResponse.php(37): Illuminate\\Routing\\Pipeline->Illuminate\\Routing\\{closure}(Object(Illuminate\\Http\\Request))
#20 V:\\xampp\\htdocs\\UC\\wckfkqrxdt\\public_html\\vendor\\laravel\\framework\\src\\Illuminate\\Pipeline\\Pipeline.php(163): Illuminate\\Cookie\\Middleware\\AddQueuedCookiesToResponse->handle(Object(Illuminate\\Http\\Request), Object(Closure))
#21 V:\\xampp\\htdocs\\UC\\wckfkqrxdt\\public_html\\vendor\\laravel\\framework\\src\\Illuminate\\Routing\\Pipeline.php(53): Illuminate\\Pipeline\\Pipeline->Illuminate\\Pipeline\\{closure}(Object(Illuminate\\Http\\Request))
#22 V:\\xampp\\htdocs\\UC\\wckfkqrxdt\\public_html\\vendor\\laravel\\framework\\src\\Illuminate\\Cookie\\Middleware\\EncryptCookies.php(66): Illuminate\\Routing\\Pipeline->Illuminate\\Routing\\{closure}(Object(Illuminate\\Http\\Request))
#23 V:\\xampp\\htdocs\\UC\\wckfkqrxdt\\public_html\\vendor\\laravel\\framework\\src\\Illuminate\\Pipeline\\Pipeline.php(163): Illuminate\\Cookie\\Middleware\\EncryptCookies->handle(Object(Illuminate\\Http\\Request), Object(Closure))
#24 V:\\xampp\\htdocs\\UC\\wckfkqrxdt\\public_html\\vendor\\laravel\\framework\\src\\Illuminate\\Routing\\Pipeline.php(53): Illuminate\\Pipeline\\Pipeline->Illuminate\\Pipeline\\{closure}(Object(Illuminate\\Http\\Request))
#25 V:\\xampp\\htdocs\\UC\\wckfkqrxdt\\public_html\\vendor\\laravel\\framework\\src\\Illuminate\\Pipeline\\Pipeline.php(104): Illuminate\\Routing\\Pipeline->Illuminate\\Routing\\{closure}(Object(Illuminate\\Http\\Request))
#26 V:\\xampp\\htdocs\\UC\\wckfkqrxdt\\public_html\\vendor\\laravel\\framework\\src\\Illuminate\\Routing\\Router.php(684): Illuminate\\Pipeline\\Pipeline->then(Object(Closure))
#27 V:\\xampp\\htdocs\\UC\\wckfkqrxdt\\public_html\\vendor\\laravel\\framework\\src\\Illuminate\\Routing\\Router.php(659): Illuminate\\Routing\\Router->runRouteWithinStack(Object(Illuminate\\Routing\\Route), Object(Illuminate\\Http\\Request))
#28 V:\\xampp\\htdocs\\UC\\wckfkqrxdt\\public_html\\vendor\\laravel\\framework\\src\\Illuminate\\Routing\\Router.php(625): Illuminate\\Routing\\Router->runRoute(Object(Illuminate\\Http\\Request), Object(Illuminate\\Routing\\Route))
#29 V:\\xampp\\htdocs\\UC\\wckfkqrxdt\\public_html\\vendor\\laravel\\framework\\src\\Illuminate\\Routing\\Router.php(614): Illuminate\\Routing\\Router->dispatchToRoute(Object(Illuminate\\Http\\Request))
#30 V:\\xampp\\htdocs\\UC\\wckfkqrxdt\\public_html\\vendor\\laravel\\framework\\src\\Illuminate\\Foundation\\Http\\Kernel.php(176): Illuminate\\Routing\\Router->dispatch(Object(Illuminate\\Http\\Request))
#31 V:\\xampp\\htdocs\\UC\\wckfkqrxdt\\public_html\\vendor\\laravel\\framework\\src\\Illuminate\\Routing\\Pipeline.php(30): Illuminate\\Foundation\\Http\\Kernel->Illuminate\\Foundation\\Http\\{closure}(Object(Illuminate\\Http\\Request))
#32 V:\\xampp\\htdocs\\UC\\wckfkqrxdt\\public_html\\vendor\\barryvdh\\laravel-debugbar\\src\\Middleware\\InjectDebugbar.php(65): Illuminate\\Routing\\Pipeline->Illuminate\\Routing\\{closure}(Object(Illuminate\\Http\\Request))
#33 V:\\xampp\\htdocs\\UC\\wckfkqrxdt\\public_html\\vendor\\laravel\\framework\\src\\Illuminate\\Pipeline\\Pipeline.php(163): Barryvdh\\Debugbar\\Middleware\\InjectDebugbar->handle(Object(Illuminate\\Http\\Request), Object(Closure))
#34 V:\\xampp\\htdocs\\UC\\wckfkqrxdt\\public_html\\vendor\\laravel\\framework\\src\\Illuminate\\Routing\\Pipeline.php(53): Illuminate\\Pipeline\\Pipeline->Illuminate\\Pipeline\\{closure}(Object(Illuminate\\Http\\Request))
#35 V:\\xampp\\htdocs\\UC\\wckfkqrxdt\\public_html\\vendor\\laravel\\framework\\src\\Illuminate\\Foundation\\Http\\Middleware\\CheckForMaintenanceMode.php(62): Illuminate\\Routing\\Pipeline->Illuminate\\Routing\\{closure}(Object(Illuminate\\Http\\Request))
#36 V:\\xampp\\htdocs\\UC\\wckfkqrxdt\\public_html\\vendor\\laravel\\framework\\src\\Illuminate\\Pipeline\\Pipeline.php(163): Illuminate\\Foundation\\Http\\Middleware\\CheckForMaintenanceMode->handle(Object(Illuminate\\Http\\Request), Object(Closure))
#37 V:\\xampp\\htdocs\\UC\\wckfkqrxdt\\public_html\\vendor\\laravel\\framework\\src\\Illuminate\\Routing\\Pipeline.php(53): Illuminate\\Pipeline\\Pipeline->Illuminate\\Pipeline\\{closure}(Object(Illuminate\\Http\\Request))
#38 V:\\xampp\\htdocs\\UC\\wckfkqrxdt\\public_html\\vendor\\laravel\\framework\\src\\Illuminate\\Pipeline\\Pipeline.php(104): Illuminate\\Routing\\Pipeline->Illuminate\\Routing\\{closure}(Object(Illuminate\\Http\\Request))
#39 V:\\xampp\\htdocs\\UC\\wckfkqrxdt\\public_html\\vendor\\laravel\\framework\\src\\Illuminate\\Foundation\\Http\\Kernel.php(151): Illuminate\\Pipeline\\Pipeline->then(Object(Closure))
#40 V:\\xampp\\htdocs\\UC\\wckfkqrxdt\\public_html\\vendor\\laravel\\framework\\src\\Illuminate\\Foundation\\Http\\Kernel.php(116): Illuminate\\Foundation\\Http\\Kernel->sendRequestThroughRouter(Object(Illuminate\\Http\\Request))
#41 V:\\xampp\\htdocs\\UC\\wckfkqrxdt\\public_html\\public\\index.php(55): Illuminate\\Foundation\\Http\\Kernel->handle(Object(Illuminate\\Http\\Request))
#42 V:\\xampp\\htdocs\\UC\\wckfkqrxdt\\public_html\\server.php(21): require_once('V:\\\\xampp\\\\htdocs...')
#43 {main}
"} 
[2020-12-01 19:37:51] local.ERROR: Call to undefined method App\Services\ServiceTypes::where() {"userId":1,"email":"user@dragon.com","exception":"[object] (Symfony\\Component\\Debug\\Exception\\FatalThrowableError(code: 0): Call to undefined method App\\Services\\ServiceTypes::where() at V:\\xampp\\htdocs\\UC\\wckfkqrxdt\\public_html\outes\\web.php:129)
[stacktrace]
#0 V:\\xampp\\htdocs\\UC\\wckfkqrxdt\\public_html\\vendor\\laravel\\framework\\src\\Illuminate\\Routing\\Route.php(205): App\\Providers\\RouteServiceProvider->{closure}()
#1 V:\\xampp\\htdocs\\UC\\wckfkqrxdt\\public_html\\vendor\\laravel\\framework\\src\\Illuminate\\Routing\\Route.php(179): Illuminate\\Routing\\Route->runCallable()
#2 V:\\xampp\\htdocs\\UC\\wckfkqrxdt\\public_html\\vendor\\laravel\\framework\\src\\Illuminate\\Routing\\Router.php(682): Illuminate\\Routing\\Route->run()
#3 V:\\xampp\\htdocs\\UC\\wckfkqrxdt\\public_html\\vendor\\laravel\\framework\\src\\Illuminate\\Routing\\Pipeline.php(30): Illuminate\\Routing\\Router->Illuminate\\Routing\\{closure}(Object(Illuminate\\Http\\Request))
#4 V:\\xampp\\htdocs\\UC\\wckfkqrxdt\\public_html\\app\\Http\\Middleware\\LanguageMiddleware.php(29): Illuminate\\Routing\\Pipeline->Illuminate\\Routing\\{closure}(Object(Illuminate\\Http\\Request))
#5 V:\\xampp\\htdocs\\UC\\wckfkqrxdt\\public_html\\vendor\\laravel\\framework\\src\\Illuminate\\Pipeline\\Pipeline.php(163): App\\Http\\Middleware\\LanguageMiddleware->handle(Object(Illuminate\\Http\\Request), Object(Closure))
#6 V:\\xampp\\htdocs\\UC\\wckfkqrxdt\\public_html\\vendor\\laravel\\framework\\src\\Illuminate\\Routing\\Pipeline.php(53): Illuminate\\Pipeline\\Pipeline->Illuminate\\Pipeline\\{closure}(Object(Illuminate\\Http\\Request))
#7 V:\\xampp\\htdocs\\UC\\wckfkqrxdt\\public_html\\vendor\\laravel\\framework\\src\\Illuminate\\Routing\\Middleware\\SubstituteBindings.php(41): Illuminate\\Routing\\Pipeline->Illuminate\\Routing\\{closure}(Object(Illuminate\\Http\\Request))
#8 V:\\xampp\\htdocs\\UC\\wckfkqrxdt\\public_html\\vendor\\laravel\\framework\\src\\Illuminate\\Pipeline\\Pipeline.php(163): Illuminate\\Routing\\Middleware\\SubstituteBindings->handle(Object(Illuminate\\Http\\Request), Object(Closure))
#9 V:\\xampp\\htdocs\\UC\\wckfkqrxdt\\public_html\\vendor\\laravel\\framework\\src\\Illuminate\\Routing\\Pipeline.php(53): Illuminate\\Pipeline\\Pipeline->Illuminate\\Pipeline\\{closure}(Object(Illuminate\\Http\\Request))
#10 V:\\xampp\\htdocs\\UC\\wckfkqrxdt\\public_html\\vendor\\laravel\\framework\\src\\Illuminate\\Foundation\\Http\\Middleware\\VerifyCsrfToken.php(75): Illuminate\\Routing\\Pipeline->Illuminate\\Routing\\{closure}(Object(Illuminate\\Http\\Request))
#11 V:\\xampp\\htdocs\\UC\\wckfkqrxdt\\public_html\\vendor\\laravel\\framework\\src\\Illuminate\\Pipeline\\Pipeline.php(163): Illuminate\\Foundation\\Http\\Middleware\\VerifyCsrfToken->handle(Object(Illuminate\\Http\\Request), Object(Closure))
#12 V:\\xampp\\htdocs\\UC\\wckfkqrxdt\\public_html\\vendor\\laravel\\framework\\src\\Illuminate\\Routing\\Pipeline.php(53): Illuminate\\Pipeline\\Pipeline->Illuminate\\Pipeline\\{closure}(Object(Illuminate\\Http\\Request))
#13 V:\\xampp\\htdocs\\UC\\wckfkqrxdt\\public_html\\vendor\\laravel\\framework\\src\\Illuminate\\View\\Middleware\\ShareErrorsFromSession.php(49): Illuminate\\Routing\\Pipeline->Illuminate\\Routing\\{closure}(Object(Illuminate\\Http\\Request))
#14 V:\\xampp\\htdocs\\UC\\wckfkqrxdt\\public_html\\vendor\\laravel\\framework\\src\\Illuminate\\Pipeline\\Pipeline.php(163): Illuminate\\View\\Middleware\\ShareErrorsFromSession->handle(Object(Illuminate\\Http\\Request), Object(Closure))
#15 V:\\xampp\\htdocs\\UC\\wckfkqrxdt\\public_html\\vendor\\laravel\\framework\\src\\Illuminate\\Routing\\Pipeline.php(53): Illuminate\\Pipeline\\Pipeline->Illuminate\\Pipeline\\{closure}(Object(Illuminate\\Http\\Request))
#16 V:\\xampp\\htdocs\\UC\\wckfkqrxdt\\public_html\\vendor\\laravel\\framework\\src\\Illuminate\\Session\\Middleware\\StartSession.php(63): Illuminate\\Routing\\Pipeline->Illuminate\\Routing\\{closure}(Object(Illuminate\\Http\\Request))
#17 V:\\xampp\\htdocs\\UC\\wckfkqrxdt\\public_html\\vendor\\laravel\\framework\\src\\Illuminate\\Pipeline\\Pipeline.php(163): Illuminate\\Session\\Middleware\\StartSession->handle(Object(Illuminate\\Http\\Request), Object(Closure))
#18 V:\\xampp\\htdocs\\UC\\wckfkqrxdt\\public_html\\vendor\\laravel\\framework\\src\\Illuminate\\Routing\\Pipeline.php(53): Illuminate\\Pipeline\\Pipeline->Illuminate\\Pipeline\\{closure}(Object(Illuminate\\Http\\Request))
#19 V:\\xampp\\htdocs\\UC\\wckfkqrxdt\\public_html\\vendor\\laravel\\framework\\src\\Illuminate\\Cookie\\Middleware\\AddQueuedCookiesToResponse.php(37): Illuminate\\Routing\\Pipeline->Illuminate\\Routing\\{closure}(Object(Illuminate\\Http\\Request))
#20 V:\\xampp\\htdocs\\UC\\wckfkqrxdt\\public_html\\vendor\\laravel\\framework\\src\\Illuminate\\Pipeline\\Pipeline.php(163): Illuminate\\Cookie\\Middleware\\AddQueuedCookiesToResponse->handle(Object(Illuminate\\Http\\Request), Object(Closure))
#21 V:\\xampp\\htdocs\\UC\\wckfkqrxdt\\public_html\\vendor\\laravel\\framework\\src\\Illuminate\\Routing\\Pipeline.php(53): Illuminate\\Pipeline\\Pipeline->Illuminate\\Pipeline\\{closure}(Object(Illuminate\\Http\\Request))
#22 V:\\xampp\\htdocs\\UC\\wckfkqrxdt\\public_html\\vendor\\laravel\\framework\\src\\Illuminate\\Cookie\\Middleware\\EncryptCookies.php(66): Illuminate\\Routing\\Pipeline->Illuminate\\Routing\\{closure}(Object(Illuminate\\Http\\Request))
#23 V:\\xampp\\htdocs\\UC\\wckfkqrxdt\\public_html\\vendor\\laravel\\framework\\src\\Illuminate\\Pipeline\\Pipeline.php(163): Illuminate\\Cookie\\Middleware\\EncryptCookies->handle(Object(Illuminate\\Http\\Request), Object(Closure))
#24 V:\\xampp\\htdocs\\UC\\wckfkqrxdt\\public_html\\vendor\\laravel\\framework\\src\\Illuminate\\Routing\\Pipeline.php(53): Illuminate\\Pipeline\\Pipeline->Illuminate\\Pipeline\\{closure}(Object(Illuminate\\Http\\Request))
#25 V:\\xampp\\htdocs\\UC\\wckfkqrxdt\\public_html\\vendor\\laravel\\framework\\src\\Illuminate\\Pipeline\\Pipeline.php(104): Illuminate\\Routing\\Pipeline->Illuminate\\Routing\\{closure}(Object(Illuminate\\Http\\Request))
#26 V:\\xampp\\htdocs\\UC\\wckfkqrxdt\\public_html\\vendor\\laravel\\framework\\src\\Illuminate\\Routing\\Router.php(684): Illuminate\\Pipeline\\Pipeline->then(Object(Closure))
#27 V:\\xampp\\htdocs\\UC\\wckfkqrxdt\\public_html\\vendor\\laravel\\framework\\src\\Illuminate\\Routing\\Router.php(659): Illuminate\\Routing\\Router->runRouteWithinStack(Object(Illuminate\\Routing\\Route), Object(Illuminate\\Http\\Request))
#28 V:\\xampp\\htdocs\\UC\\wckfkqrxdt\\public_html\\vendor\\laravel\\framework\\src\\Illuminate\\Routing\\Router.php(625): Illuminate\\Routing\\Router->runRoute(Object(Illuminate\\Http\\Request), Object(Illuminate\\Routing\\Route))
#29 V:\\xampp\\htdocs\\UC\\wckfkqrxdt\\public_html\\vendor\\laravel\\framework\\src\\Illuminate\\Routing\\Router.php(614): Illuminate\\Routing\\Router->dispatchToRoute(Object(Illuminate\\Http\\Request))
#30 V:\\xampp\\htdocs\\UC\\wckfkqrxdt\\public_html\\vendor\\laravel\\framework\\src\\Illuminate\\Foundation\\Http\\Kernel.php(176): Illuminate\\Routing\\Router->dispatch(Object(Illuminate\\Http\\Request))
#31 V:\\xampp\\htdocs\\UC\\wckfkqrxdt\\public_html\\vendor\\laravel\\framework\\src\\Illuminate\\Routing\\Pipeline.php(30): Illuminate\\Foundation\\Http\\Kernel->Illuminate\\Foundation\\Http\\{closure}(Object(Illuminate\\Http\\Request))
#32 V:\\xampp\\htdocs\\UC\\wckfkqrxdt\\public_html\\vendor\\barryvdh\\laravel-debugbar\\src\\Middleware\\InjectDebugbar.php(65): Illuminate\\Routing\\Pipeline->Illuminate\\Routing\\{closure}(Object(Illuminate\\Http\\Request))
#33 V:\\xampp\\htdocs\\UC\\wckfkqrxdt\\public_html\\vendor\\laravel\\framework\\src\\Illuminate\\Pipeline\\Pipeline.php(163): Barryvdh\\Debugbar\\Middleware\\InjectDebugbar->handle(Object(Illuminate\\Http\\Request), Object(Closure))
#34 V:\\xampp\\htdocs\\UC\\wckfkqrxdt\\public_html\\vendor\\laravel\\framework\\src\\Illuminate\\Routing\\Pipeline.php(53): Illuminate\\Pipeline\\Pipeline->Illuminate\\Pipeline\\{closure}(Object(Illuminate\\Http\\Request))
#35 V:\\xampp\\htdocs\\UC\\wckfkqrxdt\\public_html\\vendor\\laravel\\framework\\src\\Illuminate\\Foundation\\Http\\Middleware\\CheckForMaintenanceMode.php(62): Illuminate\\Routing\\Pipeline->Illuminate\\Routing\\{closure}(Object(Illuminate\\Http\\Request))
#36 V:\\xampp\\htdocs\\UC\\wckfkqrxdt\\public_html\\vendor\\laravel\\framework\\src\\Illuminate\\Pipeline\\Pipeline.php(163): Illuminate\\Foundation\\Http\\Middleware\\CheckForMaintenanceMode->handle(Object(Illuminate\\Http\\Request), Object(Closure))
#37 V:\\xampp\\htdocs\\UC\\wckfkqrxdt\\public_html\\vendor\\laravel\\framework\\src\\Illuminate\\Routing\\Pipeline.php(53): Illuminate\\Pipeline\\Pipeline->Illuminate\\Pipeline\\{closure}(Object(Illuminate\\Http\\Request))
#38 V:\\xampp\\htdocs\\UC\\wckfkqrxdt\\public_html\\vendor\\laravel\\framework\\src\\Illuminate\\Pipeline\\Pipeline.php(104): Illuminate\\Routing\\Pipeline->Illuminate\\Routing\\{closure}(Object(Illuminate\\Http\\Request))
#39 V:\\xampp\\htdocs\\UC\\wckfkqrxdt\\public_html\\vendor\\laravel\\framework\\src\\Illuminate\\Foundation\\Http\\Kernel.php(151): Illuminate\\Pipeline\\Pipeline->then(Object(Closure))
#40 V:\\xampp\\htdocs\\UC\\wckfkqrxdt\\public_html\\vendor\\laravel\\framework\\src\\Illuminate\\Foundation\\Http\\Kernel.php(116): Illuminate\\Foundation\\Http\\Kernel->sendRequestThroughRouter(Object(Illuminate\\Http\\Request))
#41 V:\\xampp\\htdocs\\UC\\wckfkqrxdt\\public_html\\public\\index.php(55): Illuminate\\Foundation\\Http\\Kernel->handle(Object(Illuminate\\Http\\Request))
#42 V:\\xampp\\htdocs\\UC\\wckfkqrxdt\\public_html\\server.php(21): require_once('V:\\\\xampp\\\\htdocs...')
#43 {main}
"} 
[2020-12-01 20:18:05] local.ALERT: message {"_token":"N189Yqy9jBCw0pHBjiCAs3Z0VQ5v1UXca5VIF6FV","s_address":"","s_latitude":"","s_longitude":"","d_latitude":"","d_longitude":"","current_longitude":"","current_latitude":"","service_type":"1","payment_mode":"CASH"} 
[2020-12-01 20:18:14] local.ALERT: message {"_token":"N189Yqy9jBCw0pHBjiCAs3Z0VQ5v1UXca5VIF6FV","s_address":"Pune, Maharashtra, India","s_latitude":"18.5204303","s_longitude":"73.8567437","d_latitude":"","d_longitude":"","current_longitude":"","current_latitude":"","service_type":"1","payment_mode":"CASH"} 
